{
  "stats": {
    "suites": 1,
    "tests": 2,
    "passes": 2,
    "pending": 0,
    "failures": 0,
    "start": "2026-01-10T07:22:12.554Z",
    "end": "2026-01-10T07:22:16.913Z",
    "duration": 4359,
    "testsRegistered": 2,
    "passPercent": 100,
    "pendingPercent": 0,
    "other": 0,
    "hasOther": false,
    "skipped": 0,
    "hasSkipped": false
  },
  "results": [
    {
      "uuid": "65e43d91-16f0-48ed-9dc4-298137e639d6",
      "title": "",
      "fullFile": "D:\\STUDY\\QA\\Digital Skola\\Tugas\\Tugas Sesi 10 - Advance Web UI Automation\\test\\saucedemo-advance.js",
      "file": "\\test\\saucedemo-advance.js",
      "beforeHooks": [],
      "afterHooks": [],
      "tests": [],
      "suites": [
        {
          "uuid": "adf5023b-652a-4817-8d4a-857b7cae12a4",
          "title": "Tugas Advance - Saucedemo POM & Visual Testing",
          "fullFile": "D:\\STUDY\\QA\\Digital Skola\\Tugas\\Tugas Sesi 10 - Advance Web UI Automation\\test\\saucedemo-advance.js",
          "file": "\\test\\saucedemo-advance.js",
          "beforeHooks": [
            {
              "title": "\"before all\" hook in \"Tugas Advance - Saucedemo POM & Visual Testing\"",
              "fullTitle": "Tugas Advance - Saucedemo POM & Visual Testing \"before all\" hook in \"Tugas Advance - Saucedemo POM & Visual Testing\"",
              "timedOut": false,
              "duration": 3529,
              "state": null,
              "speed": null,
              "pass": false,
              "fail": false,
              "pending": false,
              "context": null,
              "code": "driver = await new Builder().forBrowser('chrome').build();",
              "err": {},
              "uuid": "ea452846-8f76-4dff-b62e-1dbf69a29541",
              "parentUUID": "adf5023b-652a-4817-8d4a-857b7cae12a4",
              "isHook": true,
              "skipped": false
            }
          ],
          "afterHooks": [
            {
              "title": "\"after all\" hook in \"Tugas Advance - Saucedemo POM & Visual Testing\"",
              "fullTitle": "Tugas Advance - Saucedemo POM & Visual Testing \"after all\" hook in \"Tugas Advance - Saucedemo POM & Visual Testing\"",
              "timedOut": false,
              "duration": 34,
              "state": null,
              "speed": null,
              "pass": false,
              "fail": false,
              "pending": false,
              "context": null,
              "code": "await driver.quit();",
              "err": {},
              "uuid": "cccaa744-38bd-481a-945f-a3edb7ea21f9",
              "parentUUID": "adf5023b-652a-4817-8d4a-857b7cae12a4",
              "isHook": true,
              "skipped": false
            }
          ],
          "tests": [
            {
              "title": "Skenario 1: Sukses Login (Using POM)",
              "fullTitle": "Tugas Advance - Saucedemo POM & Visual Testing Skenario 1: Sukses Login (Using POM)",
              "timedOut": false,
              "duration": 720,
              "state": "passed",
              "speed": "slow",
              "pass": true,
              "fail": false,
              "pending": false,
              "context": null,
              "code": "const loginPage = new LoginPage(driver);\nawait loginPage.openUrl();\nawait loginPage.login('standard_user', 'secret_sauce');\nlet url = await driver.getCurrentUrl();\nassert.ok(url.includes('inventory.html'));",
              "err": {},
              "uuid": "203f74f4-05c3-47fd-912a-a87105b96b27",
              "parentUUID": "adf5023b-652a-4817-8d4a-857b7cae12a4",
              "isHook": false,
              "skipped": false
            },
            {
              "title": "Skenario 2: Visual Testing Halaman Utama",
              "fullTitle": "Tugas Advance - Saucedemo POM & Visual Testing Skenario 2: Visual Testing Halaman Utama",
              "timedOut": false,
              "duration": 73,
              "state": "passed",
              "speed": "medium",
              "pass": true,
              "fail": false,
              "pending": false,
              "context": null,
              "code": "await driver.get('https://www.saucedemo.com/');\n\n// Ambil screenshot saat ini\nconst screenshot = await driver.takeScreenshot();\nconst currentImgBuffer = Buffer.from(screenshot, 'base64');\nfs.writeFileSync('current.png', currentImgBuffer);\n// Jika belum ada baseline, buat dulu\nif (!fs.existsSync('baseline.png')) {\n    fs.writeFileSync('baseline.png', currentImgBuffer);\n    console.log('Baseline image created!');\n    return;\n}\n// Baca gambar untuk dibandingkan\nconst img1 = PNG.sync.read(fs.readFileSync('baseline.png'));\nconst img2 = PNG.sync.read(fs.readFileSync('current.png'));\nconst { width, height } = img1;\nconst diff = new PNG({ width, height });\n// Bandingkan!\nconst numDiffPixels = pixelmatch(\n    img1.data, img2.data, diff.data, width, height, { threshold: 0.1 }\n);\nfs.writeFileSync('diff.png', PNG.sync.write(diff));\n\nconst diffPercentage = (numDiffPixels / (width * height)) * 100;\nconsole.log(`Visual mismatch: ${diffPercentage.toFixed(2)}%`);\n\nassert.ok(diffPercentage < 5, 'Tampilan web berubah terlalu banyak!');",
              "err": {},
              "uuid": "dca8d986-24fe-422f-a8cc-556e834d6a08",
              "parentUUID": "adf5023b-652a-4817-8d4a-857b7cae12a4",
              "isHook": false,
              "skipped": false
            }
          ],
          "suites": [],
          "passes": [
            "203f74f4-05c3-47fd-912a-a87105b96b27",
            "dca8d986-24fe-422f-a8cc-556e834d6a08"
          ],
          "failures": [],
          "pending": [],
          "skipped": [],
          "duration": 793,
          "root": false,
          "rootEmpty": false,
          "_timeout": 50000
        }
      ],
      "passes": [],
      "failures": [],
      "pending": [],
      "skipped": [],
      "duration": 0,
      "root": true,
      "rootEmpty": true,
      "_timeout": 2000
    }
  ],
  "meta": {
    "mocha": {
      "version": "11.7.5"
    },
    "mochawesome": {
      "options": {
        "quiet": false,
        "reportFilename": "mochawesome",
        "saveHtml": true,
        "saveJson": true,
        "consoleReporter": "spec",
        "useInlineDiffs": false,
        "code": true
      },
      "version": "7.1.4"
    },
    "marge": {
      "options": null,
      "version": "6.3.2"
    }
  }
}