{
  "stats": {
    "suites": 1,
    "tests": 2,
    "passes": 2,
    "pending": 0,
    "failures": 0,
    "start": "2026-01-10T04:26:01.472Z",
    "end": "2026-01-10T04:26:06.590Z",
    "duration": 5118,
    "testsRegistered": 2,
    "passPercent": 100,
    "pendingPercent": 0,
    "other": 0,
    "hasOther": false,
    "skipped": 0,
    "hasSkipped": false
  },
  "results": [
    {
      "uuid": "13c8d059-2477-405a-a22d-ba53575a338e",
      "title": "",
      "fullFile": "D:\\STUDY\\QA\\Digital Skola\\Tugas\\Tugas Sesi 9 - Web UI Automation\\test\\saucedemo-test.js",
      "file": "\\test\\saucedemo-test.js",
      "beforeHooks": [],
      "afterHooks": [],
      "tests": [],
      "suites": [
        {
          "uuid": "47086f64-8a3e-4c28-9c40-ddeed72e35a0",
          "title": "Saucedemo Automation",
          "fullFile": "D:\\STUDY\\QA\\Digital Skola\\Tugas\\Tugas Sesi 9 - Web UI Automation\\test\\saucedemo-test.js",
          "file": "\\test\\saucedemo-test.js",
          "beforeHooks": [
            {
              "title": "\"before all\" hook in \"Saucedemo Automation\"",
              "fullTitle": "Saucedemo Automation \"before all\" hook in \"Saucedemo Automation\"",
              "timedOut": false,
              "duration": 3275,
              "state": null,
              "speed": null,
              "pass": false,
              "fail": false,
              "pending": false,
              "context": null,
              "code": "driver = await new Builder().forBrowser('firefox').build();",
              "err": {},
              "uuid": "6ea5f570-2bcd-4a29-b90a-a17db1b1bfec",
              "parentUUID": "47086f64-8a3e-4c28-9c40-ddeed72e35a0",
              "isHook": true,
              "skipped": false
            }
          ],
          "afterHooks": [
            {
              "title": "\"after all\" hook in \"Saucedemo Automation\"",
              "fullTitle": "Saucedemo Automation \"after all\" hook in \"Saucedemo Automation\"",
              "timedOut": false,
              "duration": 745,
              "state": null,
              "speed": null,
              "pass": false,
              "fail": false,
              "pending": false,
              "context": null,
              "code": "await driver.quit();",
              "err": {},
              "uuid": "0ff49f0c-866b-48d8-b8cd-dbd37ae0b5d6",
              "parentUUID": "47086f64-8a3e-4c28-9c40-ddeed72e35a0",
              "isHook": true,
              "skipped": false
            }
          ],
          "tests": [
            {
              "title": "Skenario Sukses Login",
              "fullTitle": "Saucedemo Automation Skenario Sukses Login",
              "timedOut": false,
              "duration": 904,
              "state": "passed",
              "speed": "slow",
              "pass": true,
              "fail": false,
              "pending": false,
              "context": null,
              "code": "await driver.get('https://www.saucedemo.com/');\n\n// Input Username & Password\nawait driver.findElement(By.id('user-name')).sendKeys('standard_user');\nawait driver.findElement(By.id('password')).sendKeys('secret_sauce');\n\n// Klik Login\nawait driver.findElement(By.id('login-button')).click();\n// Validasi: Cek apakah tulisan \"Products\" muncul (Assertion)\nlet titleText = await driver.findElement(By.className('title')).getText();\nassert.strictEqual(titleText, 'Products');",
              "err": {},
              "uuid": "4fac7c07-eb4e-4f0c-a1c3-5ad7a6436ee8",
              "parentUUID": "47086f64-8a3e-4c28-9c40-ddeed72e35a0",
              "isHook": false,
              "skipped": false
            },
            {
              "title": "Skenario Urutkan Produk A-Z",
              "fullTitle": "Saucedemo Automation Skenario Urutkan Produk A-Z",
              "timedOut": false,
              "duration": 188,
              "state": "passed",
              "speed": "slow",
              "pass": true,
              "fail": false,
              "pending": false,
              "context": null,
              "code": "// Klik dropdown filter\nlet dropdown = await driver.findElement(By.className('product_sort_container'));\nawait dropdown.click();\n// Pilih opsi \"Name (A to Z)\" - biasanya ini index 0 atau value 'az'\nawait driver.findElement(By.xpath(\"//option[@value='az']\")).click();\n// Validasi: Cek apakah opsi yang aktif benar \"Name (A to Z)\"\nlet activeOption = await driver.findElement(By.className('active_option')).getText();\nassert.strictEqual(activeOption, 'Name (A to Z)');",
              "err": {},
              "uuid": "d77cc3e0-ed07-491a-bc99-2e679268fa9d",
              "parentUUID": "47086f64-8a3e-4c28-9c40-ddeed72e35a0",
              "isHook": false,
              "skipped": false
            }
          ],
          "suites": [],
          "passes": [
            "4fac7c07-eb4e-4f0c-a1c3-5ad7a6436ee8",
            "d77cc3e0-ed07-491a-bc99-2e679268fa9d"
          ],
          "failures": [],
          "pending": [],
          "skipped": [],
          "duration": 1092,
          "root": false,
          "rootEmpty": false,
          "_timeout": 30000
        }
      ],
      "passes": [],
      "failures": [],
      "pending": [],
      "skipped": [],
      "duration": 0,
      "root": true,
      "rootEmpty": true,
      "_timeout": 2000
    }
  ],
  "meta": {
    "mocha": {
      "version": "11.7.5"
    },
    "mochawesome": {
      "options": {
        "quiet": false,
        "reportFilename": "mochawesome",
        "saveHtml": true,
        "saveJson": true,
        "consoleReporter": "spec",
        "useInlineDiffs": false,
        "code": true
      },
      "version": "7.1.4"
    },
    "marge": {
      "options": null,
      "version": "6.3.2"
    }
  }
}